<?xml version="1.0" encoding="UTF-8"?>
<testExecutions version="1">
  <file path="C:\Users\dbarbey\marvel-app\src\components\CharacterDetail.test.jsx">
    <testCase name="CharacterDetail component renders character image" duration="27"/>
    <testCase name="CharacterDetail component renders character description" duration="5"/>
    <testCase name="CharacterDetail component renders default description when no description is available" duration="3"/>
    <testCase name="CharacterDetail component renders character modification date" duration="3"/>
    <testCase name="CharacterDetail component renders default modification date when no modification date is available" duration="3"/>
  </file>
  <file path="C:\Users\dbarbey\marvel-app\src\components\CharactersList.test.jsx">
    <testCase name="CharactersList component renders the correct number of characters" duration="67"/>
    <testCase name="CharactersList component renders an empty list when no characters are provided" duration="2"/>
    <testCase name="CharactersList component renders an empty list when no characters are provided" duration="2"/>
  </file>
  <file path="C:\Users\dbarbey\marvel-app\src\components\NumberOfCharacters.test.jsx">
    <testCase name="renders &quot;There is no character&quot; when characters array is empty" duration="21"/>
    <testCase name="renders the correct number of characters when characters array is not empty" duration="2"/>
    <testCase name="renders &quot;There is no character&quot; when no characters are provided" duration="7"/>
  </file>
</testExecutions>